<?xml version="1.0" encoding="UTF-8"?>
<!-- Generated by org.testng.reporters.JUnitReportReporter -->
<testsuite hostname="LAPTOP-7A23BLBV" failures="0" tests="1" name="ProjectBootcamp3.Amazon.listners" time="4.906" errors="0" timestamp="2022-01-23T03:53:00 EST" skipped="0">
  <testcase classname="ProjectBootcamp3.Amazon.listners" name="f" time="4.906"/>
  <system-out/>
</testsuite> <!-- ProjectBootcamp3.Amazon.listners -->
