<?xml version="1.0" encoding="UTF-8"?>
<!-- Generated by org.testng.reporters.JUnitReportReporter -->
<testsuite hostname="LAPTOP-7A23BLBV" failures="0" tests="1" name="PageObject.CartTest" time="5.924" errors="0" timestamp="2022-01-16T23:55:31 EST" skipped="0">
  <testcase classname="PageObject.CartTest" name="f" time="5.924"/>
  <system-out/>
</testsuite> <!-- PageObject.CartTest -->
